/afs/250010026/nlp/model/train_transformer_nmt.py:629: FutureWarning: `torch.cuda.amp.GradScaler(args...)` is deprecated. Please use `torch.amp.GradScaler('cuda', args...)` instead.
  scaler = torch.cuda.amp.GradScaler(enabled=bool(args.fp16 and device.type == "cuda"))
/afs/250010026/nlp/model/train_transformer_nmt.py:650: FutureWarning: `torch.cuda.amp.autocast(args...)` is deprecated. Please use `torch.amp.autocast('cuda', args...)` instead.
  with torch.cuda.amp.autocast(enabled=bool(args.fp16 and device.type == "cuda")):
[schedule] steps_per_epoch=391 total_steps=196000 warmup_steps=6000
[epoch 1] train_loss=8.2707 step=391 lr=2.60667e-05
[epoch 1] valid_bleu=0.08 | N/A
[epoch 2] train_loss=6.8799 step=782 lr=5.21333e-05
[epoch 2] valid_bleu=0.29 | N/A
[epoch 3] train_loss=6.4264 step=1173 lr=7.82e-05
[epoch 3] valid_bleu=0.25 | N/A
[epoch 4] train_loss=6.1039 step=1564 lr=0.000104267
[epoch 4] valid_bleu=0.48 | N/A
[epoch 5] train_loss=5.8308 step=1955 lr=0.000130333
[epoch 5] valid_bleu=0.66 | N/A
[epoch 6] train_loss=5.5772 step=2346 lr=0.0001564
[epoch 6] valid_bleu=1.18 | N/A
[epoch 7] train_loss=5.3357 step=2737 lr=0.000182467
[epoch 7] valid_bleu=1.68 | N/A
[epoch 8] train_loss=5.1062 step=3128 lr=0.000208533
[epoch 8] valid_bleu=2.43 | N/A
[epoch 9] train_loss=4.8873 step=3519 lr=0.0002346
[epoch 9] valid_bleu=3.23 | N/A
[epoch 10] train_loss=4.6797 step=3910 lr=0.000260667
[epoch 10] valid_bleu=3.19 | N/A
[epoch 11] train_loss=4.4851 step=4301 lr=0.000286733
[epoch 11] valid_bleu=4.40 | N/A
[epoch 12] train_loss=4.3010 step=4692 lr=0.0003128
[epoch 12] valid_bleu=4.83 | N/A
[epoch 13] train_loss=4.1296 step=5083 lr=0.000338867
[epoch 13] valid_bleu=4.85 | N/A
[epoch 14] train_loss=3.9729 step=5474 lr=0.000364933
[epoch 14] valid_bleu=5.49 | N/A
[epoch 15] train_loss=3.8315 step=5865 lr=0.000391
[epoch 15] valid_bleu=5.94 | N/A
[epoch 16] train_loss=3.7051 step=6256 lr=0.000399998
[epoch 16] valid_bleu=6.04 | N/A
[epoch 17] train_loss=3.5836 step=6647 lr=0.00039999
[epoch 17] valid_bleu=6.92 | N/A
[epoch 18] train_loss=3.4779 step=7038 lr=0.000399973
[epoch 18] valid_bleu=6.69 | N/A
[epoch 19] train_loss=3.3859 step=7429 lr=0.00039995
[epoch 19] valid_bleu=7.30 | N/A
[epoch 20] train_loss=3.3033 step=7820 lr=0.000399919
[epoch 20] valid_bleu=6.84 | N/A
[epoch 21] train_loss=3.2315 step=8211 lr=0.00039988
[epoch 21] valid_bleu=7.13 | N/A
[epoch 22] train_loss=3.1663 step=8602 lr=0.000399833
[epoch 22] valid_bleu=7.11 | N/A
[epoch 23] train_loss=3.1070 step=8993 lr=0.00039978
[epoch 23] valid_bleu=7.48 | N/A
[epoch 24] train_loss=3.0543 step=9384 lr=0.000399718
[epoch 24] valid_bleu=7.21 | N/A
[epoch 25] train_loss=3.0054 step=9775 lr=0.000399649
[epoch 25] valid_bleu=8.12 | N/A
[epoch 26] train_loss=2.9607 step=10166 lr=0.000399573
[epoch 26] valid_bleu=8.10 | N/A
[epoch 27] train_loss=2.9189 step=10557 lr=0.000399489
[epoch 27] valid_bleu=8.08 | N/A
[epoch 28] train_loss=2.8796 step=10948 lr=0.000399398
[epoch 28] valid_bleu=7.23 | N/A
[epoch 29] train_loss=2.8445 step=11339 lr=0.000399299
[epoch 29] valid_bleu=7.57 | N/A
[epoch 30] train_loss=2.8118 step=11730 lr=0.000399193
[epoch 30] valid_bleu=7.78 | N/A
[epoch 31] train_loss=2.7808 step=12121 lr=0.000399079
[epoch 31] valid_bleu=7.88 | N/A
[epoch 32] train_loss=2.7509 step=12512 lr=0.000398958
[epoch 32] valid_bleu=7.59 | N/A
[epoch 33] train_loss=2.7226 step=12903 lr=0.000398829
[epoch 33] valid_bleu=8.39 | N/A
[epoch 34] train_loss=2.6959 step=13294 lr=0.000398693
[epoch 34] valid_bleu=7.79 | N/A
[epoch 35] train_loss=2.6717 step=13685 lr=0.000398549
[epoch 35] valid_bleu=7.92 | N/A
[epoch 36] train_loss=2.6477 step=14076 lr=0.000398398
[epoch 36] valid_bleu=7.99 | N/A
[epoch 37] train_loss=2.6253 step=14467 lr=0.000398239
[epoch 37] valid_bleu=8.51 | N/A
[epoch 38] train_loss=2.6038 step=14858 lr=0.000398073
[epoch 38] valid_bleu=8.34 | N/A
[epoch 39] train_loss=2.5846 step=15249 lr=0.000397899
[epoch 39] valid_bleu=8.07 | N/A
[epoch 40] train_loss=2.5645 step=15640 lr=0.000397718
[epoch 40] valid_bleu=8.01 | N/A
[epoch 41] train_loss=2.5455 step=16031 lr=0.00039753
[epoch 41] valid_bleu=8.08 | N/A
[epoch 42] train_loss=2.5273 step=16422 lr=0.000397334
[epoch 42] valid_bleu=8.17 | N/A
[epoch 43] train_loss=2.5106 step=16813 lr=0.000397131
[epoch 43] valid_bleu=7.54 | N/A
[epoch 44] train_loss=2.4941 step=17204 lr=0.00039692
[epoch 44] valid_bleu=7.54 | N/A
[epoch 45] train_loss=2.4773 step=17595 lr=0.000396702
[epoch 45] valid_bleu=7.28 | N/A
[epoch 46] train_loss=2.4626 step=17986 lr=0.000396477
[epoch 46] valid_bleu=7.52 | N/A
[epoch 47] train_loss=2.4479 step=18377 lr=0.000396244
[epoch 47] valid_bleu=8.17 | N/A
[epoch 48] train_loss=2.4343 step=18768 lr=0.000396004
[epoch 48] valid_bleu=7.96 | N/A
[epoch 49] train_loss=2.4198 step=19159 lr=0.000395756
[epoch 49] valid_bleu=7.82 | N/A
[epoch 50] train_loss=2.4076 step=19550 lr=0.000395501
[epoch 50] valid_bleu=7.71 | N/A
[epoch 51] train_loss=2.3938 step=19941 lr=0.000395239
[epoch 51] valid_bleu=7.78 | N/A
[epoch 52] train_loss=2.3816 step=20332 lr=0.000394969
[epoch 52] valid_bleu=8.51 | N/A
[epoch 53] train_loss=2.3689 step=20723 lr=0.000394693
[epoch 53] valid_bleu=7.75 | N/A
[epoch 54] train_loss=2.3573 step=21114 lr=0.000394408
[epoch 54] valid_bleu=7.75 | N/A
[epoch 55] train_loss=2.3464 step=21505 lr=0.000394117
[epoch 55] valid_bleu=7.50 | N/A
[epoch 56] train_loss=2.3348 step=21896 lr=0.000393818
[epoch 56] valid_bleu=7.43 | N/A
[epoch 57] train_loss=2.3250 step=22287 lr=0.000393512
[epoch 57] valid_bleu=7.93 | N/A
[epoch 58] train_loss=2.3142 step=22678 lr=0.000393199
[epoch 58] valid_bleu=7.48 | N/A
[epoch 59] train_loss=2.3047 step=23069 lr=0.000392879
[epoch 59] valid_bleu=8.04 | N/A
[epoch 60] train_loss=2.2949 step=23460 lr=0.000392551
[epoch 60] valid_bleu=7.87 | N/A
[epoch 61] train_loss=2.2858 step=23851 lr=0.000392216
[epoch 61] valid_bleu=7.97 | N/A
[epoch 62] train_loss=2.2756 step=24242 lr=0.000391874
[epoch 62] valid_bleu=8.03 | N/A
[epoch 63] train_loss=2.2675 step=24633 lr=0.000391525
[epoch 63] valid_bleu=7.88 | N/A
[epoch 64] train_loss=2.2588 step=25024 lr=0.000391168
[epoch 64] valid_bleu=7.48 | N/A
[epoch 65] train_loss=2.2493 step=25415 lr=0.000390804
[epoch 65] valid_bleu=7.93 | N/A
[epoch 66] train_loss=2.2416 step=25806 lr=0.000390434
[epoch 66] valid_bleu=7.96 | N/A
[epoch 67] train_loss=2.2333 step=26197 lr=0.000390056
[epoch 67] valid_bleu=8.09 | N/A
[epoch 68] train_loss=2.2245 step=26588 lr=0.000389671
[epoch 68] valid_bleu=8.14 | N/A
[epoch 69] train_loss=2.2177 step=26979 lr=0.000389279
[epoch 69] valid_bleu=7.42 | N/A
[epoch 70] train_loss=2.2094 step=27370 lr=0.00038888
[epoch 70] valid_bleu=7.94 | N/A
[epoch 71] train_loss=2.2026 step=27761 lr=0.000388473
[epoch 71] valid_bleu=7.97 | N/A
[epoch 72] train_loss=2.1959 step=28152 lr=0.00038806
[epoch 72] valid_bleu=7.63 | N/A
[epoch 73] train_loss=2.1881 step=28543 lr=0.00038764
[epoch 73] valid_bleu=7.63 | N/A
[epoch 74] train_loss=2.1820 step=28934 lr=0.000387213
[epoch 74] valid_bleu=7.73 | N/A
[epoch 75] train_loss=2.1750 step=29325 lr=0.000386778
[epoch 75] valid_bleu=7.85 | N/A
[epoch 76] train_loss=2.1688 step=29716 lr=0.000386337
[epoch 76] valid_bleu=8.23 | N/A
[epoch 77] train_loss=2.1620 step=30107 lr=0.000385889
[epoch 77] valid_bleu=7.99 | N/A
[epoch 78] train_loss=2.1553 step=30498 lr=0.000385434
[epoch 78] valid_bleu=7.80 | N/A
[epoch 79] train_loss=2.1485 step=30889 lr=0.000384972
[epoch 79] valid_bleu=7.76 | N/A
[epoch 80] train_loss=2.1428 step=31280 lr=0.000384503
[epoch 80] valid_bleu=7.70 | N/A
[epoch 81] train_loss=2.1364 step=31671 lr=0.000384027
[epoch 81] valid_bleu=7.84 | N/A
[epoch 82] train_loss=2.1309 step=32062 lr=0.000383544
[epoch 82] valid_bleu=8.03 | N/A
[epoch 83] train_loss=2.1246 step=32453 lr=0.000383055
[epoch 83] valid_bleu=7.79 | N/A
[epoch 84] train_loss=2.1202 step=32844 lr=0.000382558
[epoch 84] valid_bleu=7.66 | N/A
[epoch 85] train_loss=2.1148 step=33235 lr=0.000382055
[epoch 85] valid_bleu=7.68 | N/A
[epoch 86] train_loss=2.1079 step=33626 lr=0.000381545
[epoch 86] valid_bleu=7.92 | N/A
[epoch 87] train_loss=2.1044 step=34017 lr=0.000381029
[epoch 87] valid_bleu=8.09 | N/A
[epoch 88] train_loss=2.0980 step=34408 lr=0.000380505
[epoch 88] valid_bleu=8.15 | N/A
[epoch 89] train_loss=2.0931 step=34799 lr=0.000379975
[epoch 89] valid_bleu=7.47 | N/A
[epoch 90] train_loss=2.0893 step=35190 lr=0.000379438
[epoch 90] valid_bleu=8.60 | N/A
[epoch 91] train_loss=2.0839 step=35581 lr=0.000378895
[epoch 91] valid_bleu=8.02 | N/A
[epoch 92] train_loss=2.0788 step=35972 lr=0.000378345
[epoch 92] valid_bleu=7.33 | N/A
[epoch 93] train_loss=2.0735 step=36363 lr=0.000377788
[epoch 93] valid_bleu=8.38 | N/A
[epoch 94] train_loss=2.0694 step=36754 lr=0.000377225
[epoch 94] valid_bleu=8.02 | N/A
[epoch 95] train_loss=2.0635 step=37145 lr=0.000376655
[epoch 95] valid_bleu=7.72 | N/A
[epoch 96] train_loss=2.0601 step=37536 lr=0.000376079
[epoch 96] valid_bleu=7.78 | N/A
[epoch 97] train_loss=2.0555 step=37927 lr=0.000375496
[epoch 97] valid_bleu=7.87 | N/A
[epoch 98] train_loss=2.0514 step=38318 lr=0.000374906
[epoch 98] valid_bleu=7.70 | N/A
[epoch 99] train_loss=2.0472 step=38709 lr=0.00037431
[epoch 99] valid_bleu=7.64 | N/A
[epoch 100] train_loss=2.0421 step=39100 lr=0.000373708
[epoch 100] valid_bleu=8.30 | N/A
[epoch 101] train_loss=2.0394 step=39491 lr=0.000373099
[epoch 101] valid_bleu=7.19 | N/A
[epoch 102] train_loss=2.0336 step=39882 lr=0.000372484
[epoch 102] valid_bleu=8.33 | N/A
[epoch 103] train_loss=2.0310 step=40273 lr=0.000371862
[epoch 103] valid_bleu=7.92 | N/A
[epoch 104] train_loss=2.0268 step=40664 lr=0.000371235
[epoch 104] valid_bleu=7.38 | N/A
[epoch 105] train_loss=2.0222 step=41055 lr=0.0003706
[epoch 105] valid_bleu=7.57 | N/A
[epoch 106] train_loss=2.0179 step=41446 lr=0.00036996
[epoch 106] valid_bleu=7.46 | N/A
[epoch 107] train_loss=2.0151 step=41837 lr=0.000369313
[epoch 107] valid_bleu=8.07 | N/A
[epoch 108] train_loss=2.0102 step=42228 lr=0.00036866
[epoch 108] valid_bleu=7.72 | N/A
[epoch 109] train_loss=2.0070 step=42619 lr=0.000368001
[epoch 109] valid_bleu=7.51 | N/A
[epoch 110] train_loss=2.0036 step=43010 lr=0.000367335
[epoch 110] valid_bleu=7.72 | N/A
[epoch 111] train_loss=1.9995 step=43401 lr=0.000366664
[epoch 111] valid_bleu=7.59 | N/A
[epoch 112] train_loss=1.9962 step=43792 lr=0.000365986
[epoch 112] valid_bleu=8.09 | N/A
[epoch 113] train_loss=1.9927 step=44183 lr=0.000365302
[epoch 113] valid_bleu=8.01 | N/A
[epoch 114] train_loss=1.9892 step=44574 lr=0.000364612
[epoch 114] valid_bleu=7.76 | N/A
[epoch 115] train_loss=1.9855 step=44965 lr=0.000363916
[epoch 115] valid_bleu=7.95 | N/A
[epoch 116] train_loss=1.9830 step=45356 lr=0.000363214
[epoch 116] valid_bleu=8.03 | N/A
[epoch 117] train_loss=1.9796 step=45747 lr=0.000362507
[epoch 117] valid_bleu=7.97 | N/A
[epoch 118] train_loss=1.9754 step=46138 lr=0.000361793
[epoch 118] valid_bleu=7.70 | N/A
[epoch 119] train_loss=1.9726 step=46529 lr=0.000361073
[epoch 119] valid_bleu=7.91 | N/A
[epoch 120] train_loss=1.9703 step=46920 lr=0.000360347
[epoch 120] valid_bleu=7.80 | N/A
[epoch 121] train_loss=1.9661 step=47311 lr=0.000359616
[epoch 121] valid_bleu=7.69 | N/A
[epoch 122] train_loss=1.9627 step=47702 lr=0.000358878
[epoch 122] valid_bleu=7.58 | N/A
[epoch 123] train_loss=1.9608 step=48093 lr=0.000358135
[epoch 123] valid_bleu=7.89 | N/A
[epoch 124] train_loss=1.9577 step=48484 lr=0.000357386
[epoch 124] valid_bleu=7.71 | N/A
[epoch 125] train_loss=1.9546 step=48875 lr=0.000356631
[epoch 125] valid_bleu=7.54 | N/A
[epoch 126] train_loss=1.9514 step=49266 lr=0.000355871
[epoch 126] valid_bleu=7.41 | N/A
[epoch 127] train_loss=1.9478 step=49657 lr=0.000355105
[epoch 127] valid_bleu=8.43 | N/A
[epoch 128] train_loss=1.9451 step=50048 lr=0.000354333
[epoch 128] valid_bleu=8.18 | N/A
[epoch 129] train_loss=1.9434 step=50439 lr=0.000353555
[epoch 129] valid_bleu=7.87 | N/A
[epoch 130] train_loss=1.9398 step=50830 lr=0.000352772
[epoch 130] valid_bleu=7.74 | N/A
[epoch 131] train_loss=1.9372 step=51221 lr=0.000351984
[epoch 131] valid_bleu=7.48 | N/A
[epoch 132] train_loss=1.9353 step=51612 lr=0.00035119
[epoch 132] valid_bleu=7.83 | N/A
[epoch 133] train_loss=1.9317 step=52003 lr=0.00035039
[epoch 133] valid_bleu=8.37 | N/A
[epoch 134] train_loss=1.9288 step=52394 lr=0.000349585
[epoch 134] valid_bleu=7.88 | N/A
[epoch 135] train_loss=1.9264 step=52785 lr=0.000348775
[epoch 135] valid_bleu=8.15 | N/A
[epoch 136] train_loss=1.9231 step=53176 lr=0.000347959
[epoch 136] valid_bleu=7.66 | N/A
[epoch 137] train_loss=1.9211 step=53567 lr=0.000347138
[epoch 137] valid_bleu=7.83 | N/A
[epoch 138] train_loss=1.9179 step=53958 lr=0.000346312
[epoch 138] valid_bleu=8.11 | N/A
[epoch 139] train_loss=1.9162 step=54349 lr=0.00034548
[epoch 139] valid_bleu=8.09 | N/A
[epoch 140] train_loss=1.9133 step=54740 lr=0.000344643
[epoch 140] valid_bleu=7.71 | N/A
[epoch 141] train_loss=1.9107 step=55131 lr=0.000343801
[epoch 141] valid_bleu=7.65 | N/A
[epoch 142] train_loss=1.9080 step=55522 lr=0.000342954
[epoch 142] valid_bleu=8.15 | N/A
[epoch 143] train_loss=1.9059 step=55913 lr=0.000342101
[epoch 143] valid_bleu=7.91 | N/A
[epoch 144] train_loss=1.9039 step=56304 lr=0.000341243
[epoch 144] valid_bleu=7.57 | N/A
[epoch 145] train_loss=1.9015 step=56695 lr=0.000340381
[epoch 145] valid_bleu=7.67 | N/A
[epoch 146] train_loss=1.8985 step=57086 lr=0.000339513
[epoch 146] valid_bleu=7.95 | N/A
[epoch 147] train_loss=1.8952 step=57477 lr=0.00033864
[epoch 147] valid_bleu=7.85 | N/A
[epoch 148] train_loss=1.8939 step=57868 lr=0.000337763
[epoch 148] valid_bleu=7.77 | N/A
[epoch 149] train_loss=1.8925 step=58259 lr=0.00033688
[epoch 149] valid_bleu=7.80 | N/A
[epoch 150] train_loss=1.8893 step=58650 lr=0.000335993
[epoch 150] valid_bleu=8.09 | N/A
[epoch 151] train_loss=1.8871 step=59041 lr=0.000335101
[epoch 151] valid_bleu=7.65 | N/A
[epoch 152] train_loss=1.8846 step=59432 lr=0.000334203
[epoch 152] valid_bleu=7.88 | N/A
[epoch 153] train_loss=1.8824 step=59823 lr=0.000333302
[epoch 153] valid_bleu=7.66 | N/A
[epoch 154] train_loss=1.8806 step=60214 lr=0.000332395
[epoch 154] valid_bleu=7.34 | N/A
[epoch 155] train_loss=1.8785 step=60605 lr=0.000331484
[epoch 155] valid_bleu=7.69 | N/A
[epoch 156] train_loss=1.8754 step=60996 lr=0.000330568
[epoch 156] valid_bleu=7.64 | N/A
[epoch 157] train_loss=1.8740 step=61387 lr=0.000329647
[epoch 157] valid_bleu=7.80 | N/A
[epoch 158] train_loss=1.8717 step=61778 lr=0.000328722
[epoch 158] valid_bleu=7.51 | N/A
[epoch 159] train_loss=1.8692 step=62169 lr=0.000327792
[epoch 159] valid_bleu=7.43 | N/A
[epoch 160] train_loss=1.8669 step=62560 lr=0.000326858
[epoch 160] valid_bleu=8.25 | N/A
[epoch 161] train_loss=1.8655 step=62951 lr=0.000325919
[epoch 161] valid_bleu=7.82 | N/A
[epoch 162] train_loss=1.8629 step=63342 lr=0.000324976
[epoch 162] valid_bleu=8.15 | N/A
[epoch 163] train_loss=1.8615 step=63733 lr=0.000324029
[epoch 163] valid_bleu=8.12 | N/A
[epoch 164] train_loss=1.8593 step=64124 lr=0.000323077
[epoch 164] valid_bleu=7.61 | N/A
[epoch 165] train_loss=1.8577 step=64515 lr=0.000322121
[epoch 165] valid_bleu=7.73 | N/A
[epoch 166] train_loss=1.8558 step=64906 lr=0.00032116
[epoch 166] valid_bleu=7.53 | N/A
[epoch 167] train_loss=1.8536 step=65297 lr=0.000320196
[epoch 167] valid_bleu=8.12 | N/A
[epoch 168] train_loss=1.8516 step=65688 lr=0.000319227
[epoch 168] valid_bleu=8.21 | N/A
[epoch 169] train_loss=1.8502 step=66079 lr=0.000318254
[epoch 169] valid_bleu=7.91 | N/A
[epoch 170] train_loss=1.8473 step=66470 lr=0.000317277
[epoch 170] valid_bleu=7.80 | N/A
[epoch 171] train_loss=1.8463 step=66861 lr=0.000316295
[epoch 171] valid_bleu=7.82 | N/A
[epoch 172] train_loss=1.8447 step=67252 lr=0.00031531
[epoch 172] valid_bleu=7.78 | N/A
[epoch 173] train_loss=1.8421 step=67643 lr=0.000314321
[epoch 173] valid_bleu=7.86 | N/A
[epoch 174] train_loss=1.8402 step=68034 lr=0.000313328
[epoch 174] valid_bleu=8.27 | N/A
[epoch 175] train_loss=1.8378 step=68425 lr=0.000312331
[epoch 175] valid_bleu=8.22 | N/A
[epoch 176] train_loss=1.8367 step=68816 lr=0.00031133
[epoch 176] valid_bleu=8.02 | N/A
[epoch 177] train_loss=1.8351 step=69207 lr=0.000310325
[epoch 177] valid_bleu=8.00 | N/A
[epoch 178] train_loss=1.8331 step=69598 lr=0.000309317
[epoch 178] valid_bleu=7.80 | N/A
[epoch 179] train_loss=1.8311 step=69989 lr=0.000308305
[epoch 179] valid_bleu=7.74 | N/A
[epoch 180] train_loss=1.8294 step=70380 lr=0.000307289
[epoch 180] valid_bleu=7.93 | N/A
[epoch 181] train_loss=1.8277 step=70771 lr=0.000306269
[epoch 181] valid_bleu=7.56 | N/A
[epoch 182] train_loss=1.8257 step=71162 lr=0.000305246
[epoch 182] valid_bleu=7.96 | N/A
[epoch 183] train_loss=1.8240 step=71553 lr=0.000304219
[epoch 183] valid_bleu=7.55 | N/A
[epoch 184] train_loss=1.8222 step=71944 lr=0.000303189
[epoch 184] valid_bleu=7.79 | N/A
[epoch 185] train_loss=1.8209 step=72335 lr=0.000302156
[epoch 185] valid_bleu=7.60 | N/A
[epoch 186] train_loss=1.8194 step=72726 lr=0.000301118
[epoch 186] valid_bleu=8.03 | N/A
[epoch 187] train_loss=1.8175 step=73117 lr=0.000300078
[epoch 187] valid_bleu=7.69 | N/A
[epoch 188] train_loss=1.8153 step=73508 lr=0.000299034
[epoch 188] valid_bleu=7.85 | N/A
[epoch 189] train_loss=1.8140 step=73899 lr=0.000297987
[epoch 189] valid_bleu=8.04 | N/A
[epoch 190] train_loss=1.8124 step=74290 lr=0.000296936
[epoch 190] valid_bleu=7.72 | N/A
[epoch 191] train_loss=1.8103 step=74681 lr=0.000295883
[epoch 191] valid_bleu=7.75 | N/A
[epoch 192] train_loss=1.8086 step=75072 lr=0.000294826
[epoch 192] valid_bleu=8.06 | N/A
[epoch 193] train_loss=1.8080 step=75463 lr=0.000293766
[epoch 193] valid_bleu=7.94 | N/A
[epoch 194] train_loss=1.8064 step=75854 lr=0.000292703
[epoch 194] valid_bleu=7.95 | N/A
[epoch 195] train_loss=1.8040 step=76245 lr=0.000291637
[epoch 195] valid_bleu=7.91 | N/A
[epoch 196] train_loss=1.8027 step=76636 lr=0.000290568
[epoch 196] valid_bleu=7.69 | N/A
[epoch 197] train_loss=1.8011 step=77027 lr=0.000289496
[epoch 197] valid_bleu=8.04 | N/A
[epoch 198] train_loss=1.7997 step=77418 lr=0.000288421
[epoch 198] valid_bleu=7.85 | N/A
[epoch 199] train_loss=1.7979 step=77809 lr=0.000287343
[epoch 199] valid_bleu=7.99 | N/A
[epoch 200] train_loss=1.7962 step=78200 lr=0.000286262
[epoch 200] valid_bleu=7.65 | N/A
[epoch 201] train_loss=1.7951 step=78591 lr=0.000285179
[epoch 201] valid_bleu=7.62 | N/A
[epoch 202] train_loss=1.7933 step=78982 lr=0.000284093
[epoch 202] valid_bleu=8.28 | N/A
[epoch 203] train_loss=1.7920 step=79373 lr=0.000283004
[epoch 203] valid_bleu=8.18 | N/A
[epoch 204] train_loss=1.7895 step=79764 lr=0.000281913
[epoch 204] valid_bleu=7.87 | N/A
[epoch 205] train_loss=1.7893 step=80155 lr=0.000280819
[epoch 205] valid_bleu=8.18 | N/A
[epoch 206] train_loss=1.7874 step=80546 lr=0.000279722
[epoch 206] valid_bleu=8.45 | N/A
[epoch 207] train_loss=1.7860 step=80937 lr=0.000278623
[epoch 207] valid_bleu=8.10 | N/A
[epoch 208] train_loss=1.7846 step=81328 lr=0.000277522
[epoch 208] valid_bleu=7.85 | N/A
[epoch 209] train_loss=1.7829 step=81719 lr=0.000276418
[epoch 209] valid_bleu=7.69 | N/A
[epoch 210] train_loss=1.7811 step=82110 lr=0.000275312
[epoch 210] valid_bleu=7.55 | N/A
[epoch 211] train_loss=1.7795 step=82501 lr=0.000274203
[epoch 211] valid_bleu=7.60 | N/A
[epoch 212] train_loss=1.7782 step=82892 lr=0.000273092
[epoch 212] valid_bleu=7.80 | N/A
[epoch 213] train_loss=1.7772 step=83283 lr=0.000271979
[epoch 213] valid_bleu=7.64 | N/A
[epoch 214] train_loss=1.7759 step=83674 lr=0.000270864
[epoch 214] valid_bleu=8.09 | N/A
[epoch 215] train_loss=1.7738 step=84065 lr=0.000269747
[epoch 215] valid_bleu=7.74 | N/A
[epoch 216] train_loss=1.7735 step=84456 lr=0.000268627
[epoch 216] valid_bleu=7.97 | N/A
[epoch 217] train_loss=1.7713 step=84847 lr=0.000267506
[epoch 217] valid_bleu=7.39 | N/A
[epoch 218] train_loss=1.7688 step=85238 lr=0.000266382
[epoch 218] valid_bleu=7.63 | N/A
[epoch 219] train_loss=1.7682 step=85629 lr=0.000265257
[epoch 219] valid_bleu=7.79 | N/A
[epoch 220] train_loss=1.7673 step=86020 lr=0.00026413
[epoch 220] valid_bleu=7.71 | N/A
[epoch 221] train_loss=1.7653 step=86411 lr=0.000263001
[epoch 221] valid_bleu=7.78 | N/A
[epoch 222] train_loss=1.7646 step=86802 lr=0.00026187
[epoch 222] valid_bleu=8.29 | N/A
[epoch 223] train_loss=1.7628 step=87193 lr=0.000260737
[epoch 223] valid_bleu=8.00 | N/A
[epoch 224] train_loss=1.7611 step=87584 lr=0.000259603
[epoch 224] valid_bleu=7.28 | N/A
[epoch 225] train_loss=1.7603 step=87975 lr=0.000258467
[epoch 225] valid_bleu=7.79 | N/A
[epoch 226] train_loss=1.7595 step=88366 lr=0.000257329
[epoch 226] valid_bleu=7.56 | N/A
[epoch 227] train_loss=1.7579 step=88757 lr=0.00025619
[epoch 227] valid_bleu=7.94 | N/A
[epoch 228] train_loss=1.7563 step=89148 lr=0.000255049
[epoch 228] valid_bleu=8.10 | N/A
[epoch 229] train_loss=1.7550 step=89539 lr=0.000253907
[epoch 229] valid_bleu=7.40 | N/A
[epoch 230] train_loss=1.7533 step=89930 lr=0.000252763
[epoch 230] valid_bleu=8.12 | N/A
[epoch 231] train_loss=1.7520 step=90321 lr=0.000251618
[epoch 231] valid_bleu=7.84 | N/A
[epoch 232] train_loss=1.7520 step=90712 lr=0.000250472
[epoch 232] valid_bleu=8.14 | N/A
[epoch 233] train_loss=1.7497 step=91103 lr=0.000249325
[epoch 233] valid_bleu=7.72 | N/A
[epoch 234] train_loss=1.7484 step=91494 lr=0.000248176
[epoch 234] valid_bleu=8.49 | N/A
[epoch 235] train_loss=1.7474 step=91885 lr=0.000247026
[epoch 235] valid_bleu=8.41 | N/A
[epoch 236] train_loss=1.7460 step=92276 lr=0.000245875
[epoch 236] valid_bleu=8.28 | N/A
[epoch 237] train_loss=1.7440 step=92667 lr=0.000244723
[epoch 237] valid_bleu=7.94 | N/A
[epoch 238] train_loss=1.7434 step=93058 lr=0.000243569
[epoch 238] valid_bleu=8.42 | N/A
[epoch 239] train_loss=1.7420 step=93449 lr=0.000242415
[epoch 239] valid_bleu=8.08 | N/A
[epoch 240] train_loss=1.7411 step=93840 lr=0.00024126
[epoch 240] valid_bleu=7.98 | N/A
[epoch 241] train_loss=1.7396 step=94231 lr=0.000240104
[epoch 241] valid_bleu=7.87 | N/A
[epoch 242] train_loss=1.7384 step=94622 lr=0.000238947
[epoch 242] valid_bleu=7.76 | N/A
[epoch 243] train_loss=1.7366 step=95013 lr=0.00023779
[epoch 243] valid_bleu=7.80 | N/A
[epoch 244] train_loss=1.7358 step=95404 lr=0.000236631
[epoch 244] valid_bleu=8.36 | N/A
[epoch 245] train_loss=1.7352 step=95795 lr=0.000235472
[epoch 245] valid_bleu=8.06 | N/A
[epoch 246] train_loss=1.7339 step=96186 lr=0.000234313
[epoch 246] valid_bleu=7.96 | N/A
[epoch 247] train_loss=1.7320 step=96577 lr=0.000233152
[epoch 247] valid_bleu=8.41 | N/A
[epoch 248] train_loss=1.7315 step=96968 lr=0.000231991
[epoch 248] valid_bleu=8.31 | N/A
[epoch 249] train_loss=1.7309 step=97359 lr=0.00023083
[epoch 249] valid_bleu=8.46 | N/A
[epoch 250] train_loss=1.7285 step=97750 lr=0.000229668
[epoch 250] valid_bleu=7.65 | N/A
[epoch 251] train_loss=1.7277 step=98141 lr=0.000228506
[epoch 251] valid_bleu=8.05 | N/A
[epoch 252] train_loss=1.7258 step=98532 lr=0.000227343
[epoch 252] valid_bleu=8.23 | N/A
[epoch 253] train_loss=1.7252 step=98923 lr=0.00022618
[epoch 253] valid_bleu=7.53 | N/A
[epoch 254] train_loss=1.7239 step=99314 lr=0.000225017
[epoch 254] valid_bleu=7.99 | N/A
[epoch 255] train_loss=1.7229 step=99705 lr=0.000223854
[epoch 255] valid_bleu=8.29 | N/A
[epoch 256] train_loss=1.7219 step=100096 lr=0.00022269
[epoch 256] valid_bleu=8.45 | N/A
[epoch 257] train_loss=1.7206 step=100487 lr=0.000221527
[epoch 257] valid_bleu=8.29 | N/A
[epoch 258] train_loss=1.7197 step=100878 lr=0.000220363
[epoch 258] valid_bleu=7.68 | N/A
[epoch 259] train_loss=1.7179 step=101269 lr=0.000219199
[epoch 259] valid_bleu=7.73 | N/A
[epoch 260] train_loss=1.7171 step=101660 lr=0.000218036
[epoch 260] valid_bleu=7.85 | N/A
[epoch 261] train_loss=1.7159 step=102051 lr=0.000216872
[epoch 261] valid_bleu=7.93 | N/A
[epoch 262] train_loss=1.7156 step=102442 lr=0.000215709
[epoch 262] valid_bleu=8.16 | N/A
[epoch 263] train_loss=1.7136 step=102833 lr=0.000214545
[epoch 263] valid_bleu=8.02 | N/A
[epoch 264] train_loss=1.7124 step=103224 lr=0.000213382
[epoch 264] valid_bleu=8.10 | N/A
[epoch 265] train_loss=1.7118 step=103615 lr=0.00021222
[epoch 265] valid_bleu=8.12 | N/A
[epoch 266] train_loss=1.7101 step=104006 lr=0.000211057
[epoch 266] valid_bleu=8.34 | N/A
[epoch 267] train_loss=1.7093 step=104397 lr=0.000209895
[epoch 267] valid_bleu=8.11 | N/A
[epoch 268] train_loss=1.7077 step=104788 lr=0.000208733
[epoch 268] valid_bleu=7.94 | N/A
[epoch 269] train_loss=1.7073 step=105179 lr=0.000207572
[epoch 269] valid_bleu=7.85 | N/A
[epoch 270] train_loss=1.7061 step=105570 lr=0.000206411
[epoch 270] valid_bleu=7.50 | N/A
[epoch 271] train_loss=1.7050 step=105961 lr=0.000205251
[epoch 271] valid_bleu=8.02 | N/A
[epoch 272] train_loss=1.7038 step=106352 lr=0.000204092
[epoch 272] valid_bleu=8.02 | N/A
[epoch 273] train_loss=1.7029 step=106743 lr=0.000202933
[epoch 273] valid_bleu=8.37 | N/A
[epoch 274] train_loss=1.7022 step=107134 lr=0.000201775
[epoch 274] valid_bleu=7.47 | N/A
[epoch 275] train_loss=1.7006 step=107525 lr=0.000200618
[epoch 275] valid_bleu=7.87 | N/A
[epoch 276] train_loss=1.7000 step=107916 lr=0.000199461
[epoch 276] valid_bleu=8.06 | N/A
[epoch 277] train_loss=1.6991 step=108307 lr=0.000198305
[epoch 277] valid_bleu=7.58 | N/A
[epoch 278] train_loss=1.6975 step=108698 lr=0.000197151
[epoch 278] valid_bleu=7.97 | N/A
[epoch 279] train_loss=1.6968 step=109089 lr=0.000195997
[epoch 279] valid_bleu=8.13 | N/A
[epoch 280] train_loss=1.6957 step=109480 lr=0.000194844
[epoch 280] valid_bleu=7.79 | N/A
[epoch 281] train_loss=1.6953 step=109871 lr=0.000193692
[epoch 281] valid_bleu=8.27 | N/A
[epoch 282] train_loss=1.6938 step=110262 lr=0.000192542
[epoch 282] valid_bleu=8.27 | N/A
[epoch 283] train_loss=1.6923 step=110653 lr=0.000191392
[epoch 283] valid_bleu=8.26 | N/A
[epoch 284] train_loss=1.6914 step=111044 lr=0.000190244
[epoch 284] valid_bleu=8.25 | N/A
[epoch 285] train_loss=1.6906 step=111435 lr=0.000189097
[epoch 285] valid_bleu=7.89 | N/A
[epoch 286] train_loss=1.6890 step=111826 lr=0.000187951
[epoch 286] valid_bleu=7.84 | N/A
[epoch 287] train_loss=1.6884 step=112217 lr=0.000186807
[epoch 287] valid_bleu=8.08 | N/A
[epoch 288] train_loss=1.6878 step=112608 lr=0.000185663
[epoch 288] valid_bleu=8.43 | N/A
[epoch 289] train_loss=1.6862 step=112999 lr=0.000184522
[epoch 289] valid_bleu=8.27 | N/A
[epoch 290] train_loss=1.6858 step=113390 lr=0.000183382
[epoch 290] valid_bleu=8.50 | N/A
[epoch 291] train_loss=1.6839 step=113781 lr=0.000182243
[epoch 291] valid_bleu=8.77 | N/A
[epoch 292] train_loss=1.6831 step=114172 lr=0.000181106
[epoch 292] valid_bleu=8.37 | N/A
[epoch 293] train_loss=1.6826 step=114563 lr=0.000179971
[epoch 293] valid_bleu=7.97 | N/A
[epoch 294] train_loss=1.6815 step=114954 lr=0.000178837
[epoch 294] valid_bleu=8.40 | N/A
[epoch 295] train_loss=1.6803 step=115345 lr=0.000177705
[epoch 295] valid_bleu=7.65 | N/A
[epoch 296] train_loss=1.6795 step=115736 lr=0.000176575
[epoch 296] valid_bleu=8.06 | N/A
[epoch 297] train_loss=1.6785 step=116127 lr=0.000175446
[epoch 297] valid_bleu=7.58 | N/A
[epoch 298] train_loss=1.6780 step=116518 lr=0.00017432
[epoch 298] valid_bleu=7.98 | N/A
[epoch 299] train_loss=1.6767 step=116909 lr=0.000173195
[epoch 299] valid_bleu=7.83 | N/A
[epoch 300] train_loss=1.6752 step=117300 lr=0.000172072
[epoch 300] valid_bleu=8.11 | N/A
[epoch 301] train_loss=1.6748 step=117691 lr=0.000170952
[epoch 301] valid_bleu=8.03 | N/A
[epoch 302] train_loss=1.6736 step=118082 lr=0.000169833
[epoch 302] valid_bleu=8.22 | N/A
[epoch 303] train_loss=1.6727 step=118473 lr=0.000168717
[epoch 303] valid_bleu=7.60 | N/A
[epoch 304] train_loss=1.6720 step=118864 lr=0.000167602
[epoch 304] valid_bleu=7.82 | N/A
[epoch 305] train_loss=1.6713 step=119255 lr=0.00016649
[epoch 305] valid_bleu=8.16 | N/A
[epoch 306] train_loss=1.6700 step=119646 lr=0.00016538
[epoch 306] valid_bleu=7.81 | N/A
[epoch 307] train_loss=1.6692 step=120037 lr=0.000164272
[epoch 307] valid_bleu=8.00 | N/A
[epoch 308] train_loss=1.6687 step=120428 lr=0.000163167
[epoch 308] valid_bleu=8.13 | N/A
[epoch 309] train_loss=1.6674 step=120819 lr=0.000162064
[epoch 309] valid_bleu=7.70 | N/A
[epoch 310] train_loss=1.6668 step=121210 lr=0.000160963
[epoch 310] valid_bleu=8.26 | N/A
[epoch 311] train_loss=1.6653 step=121601 lr=0.000159865
[epoch 311] valid_bleu=7.94 | N/A
[epoch 312] train_loss=1.6653 step=121992 lr=0.00015877
[epoch 312] valid_bleu=8.00 | N/A
[epoch 313] train_loss=1.6637 step=122383 lr=0.000157677
[epoch 313] valid_bleu=7.85 | N/A
[epoch 314] train_loss=1.6630 step=122774 lr=0.000156586
[epoch 314] valid_bleu=7.83 | N/A
[epoch 315] train_loss=1.6626 step=123165 lr=0.000155498
[epoch 315] valid_bleu=7.81 | N/A
[epoch 316] train_loss=1.6612 step=123556 lr=0.000154413
[epoch 316] valid_bleu=8.46 | N/A
[epoch 317] train_loss=1.6602 step=123947 lr=0.000153331
[epoch 317] valid_bleu=8.05 | N/A
[epoch 318] train_loss=1.6596 step=124338 lr=0.000152251
[epoch 318] valid_bleu=8.13 | N/A
[epoch 319] train_loss=1.6594 step=124729 lr=0.000151175
[epoch 319] valid_bleu=7.75 | N/A
[epoch 320] train_loss=1.6577 step=125120 lr=0.000150101
[epoch 320] valid_bleu=8.38 | N/A
[epoch 321] train_loss=1.6568 step=125511 lr=0.00014903
[epoch 321] valid_bleu=8.18 | N/A
[epoch 322] train_loss=1.6564 step=125902 lr=0.000147962
[epoch 322] valid_bleu=7.99 | N/A
[epoch 323] train_loss=1.6554 step=126293 lr=0.000146897
[epoch 323] valid_bleu=8.28 | N/A
[epoch 324] train_loss=1.6550 step=126684 lr=0.000145835
[epoch 324] valid_bleu=8.33 | N/A
[epoch 325] train_loss=1.6537 step=127075 lr=0.000144776
[epoch 325] valid_bleu=8.04 | N/A
[epoch 326] train_loss=1.6527 step=127466 lr=0.000143721
[epoch 326] valid_bleu=7.44 | N/A
[epoch 327] train_loss=1.6520 step=127857 lr=0.000142668
[epoch 327] valid_bleu=7.78 | N/A
[epoch 328] train_loss=1.6510 step=128248 lr=0.000141619
[epoch 328] valid_bleu=8.17 | N/A
[epoch 329] train_loss=1.6505 step=128639 lr=0.000140573
[epoch 329] valid_bleu=8.04 | N/A
[epoch 330] train_loss=1.6501 step=129030 lr=0.000139531
[epoch 330] valid_bleu=8.44 | N/A
[epoch 331] train_loss=1.6487 step=129421 lr=0.000138491
[epoch 331] valid_bleu=8.16 | N/A
[epoch 332] train_loss=1.6485 step=129812 lr=0.000137455
[epoch 332] valid_bleu=7.79 | N/A
[epoch 333] train_loss=1.6472 step=130203 lr=0.000136423
[epoch 333] valid_bleu=7.94 | N/A
[epoch 334] train_loss=1.6463 step=130594 lr=0.000135394
[epoch 334] valid_bleu=7.65 | N/A
[epoch 335] train_loss=1.6460 step=130985 lr=0.000134369
[epoch 335] valid_bleu=7.97 | N/A
[epoch 336] train_loss=1.6451 step=131376 lr=0.000133347
[epoch 336] valid_bleu=8.10 | N/A
[epoch 337] train_loss=1.6443 step=131767 lr=0.000132329
[epoch 337] valid_bleu=8.08 | N/A
[epoch 338] train_loss=1.6433 step=132158 lr=0.000131314
[epoch 338] valid_bleu=8.23 | N/A
[epoch 339] train_loss=1.6424 step=132549 lr=0.000130303
[epoch 339] valid_bleu=7.85 | N/A
[epoch 340] train_loss=1.6417 step=132940 lr=0.000129296
[epoch 340] valid_bleu=7.66 | N/A
[epoch 341] train_loss=1.6410 step=133331 lr=0.000128293
[epoch 341] valid_bleu=7.90 | N/A
[epoch 342] train_loss=1.6406 step=133722 lr=0.000127294
[epoch 342] valid_bleu=7.88 | N/A
[epoch 343] train_loss=1.6394 step=134113 lr=0.000126298
[epoch 343] valid_bleu=7.69 | N/A
[epoch 344] train_loss=1.6386 step=134504 lr=0.000125307
[epoch 344] valid_bleu=8.39 | N/A
[epoch 345] train_loss=1.6380 step=134895 lr=0.000124319
[epoch 345] valid_bleu=8.29 | N/A
[epoch 346] train_loss=1.6371 step=135286 lr=0.000123335
[epoch 346] valid_bleu=7.67 | N/A
[epoch 347] train_loss=1.6364 step=135677 lr=0.000122356
[epoch 347] valid_bleu=7.95 | N/A
[epoch 348] train_loss=1.6363 step=136068 lr=0.00012138
[epoch 348] valid_bleu=8.06 | N/A
[epoch 349] train_loss=1.6352 step=136459 lr=0.000120409
[epoch 349] valid_bleu=7.90 | N/A
[epoch 350] train_loss=1.6342 step=136850 lr=0.000119441
[epoch 350] valid_bleu=8.32 | N/A
[epoch 351] train_loss=1.6334 step=137241 lr=0.000118478
[epoch 351] valid_bleu=7.96 | N/A
[epoch 352] train_loss=1.6330 step=137632 lr=0.000117519
[epoch 352] valid_bleu=7.82 | N/A
[epoch 353] train_loss=1.6323 step=138023 lr=0.000116565
[epoch 353] valid_bleu=7.88 | N/A
[epoch 354] train_loss=1.6315 step=138414 lr=0.000115615
[epoch 354] valid_bleu=8.11 | N/A
[epoch 355] train_loss=1.6309 step=138805 lr=0.000114669
[epoch 355] valid_bleu=7.90 | N/A
[epoch 356] train_loss=1.6300 step=139196 lr=0.000113727
[epoch 356] valid_bleu=7.83 | N/A
[epoch 357] train_loss=1.6290 step=139587 lr=0.00011279
[epoch 357] valid_bleu=8.22 | N/A
[epoch 358] train_loss=1.6287 step=139978 lr=0.000111858
[epoch 358] valid_bleu=7.75 | N/A
[epoch 359] train_loss=1.6281 step=140369 lr=0.00011093
[epoch 359] valid_bleu=8.10 | N/A
[epoch 360] train_loss=1.6274 step=140760 lr=0.000110006
[epoch 360] valid_bleu=8.15 | N/A
[epoch 361] train_loss=1.6264 step=141151 lr=0.000109087
[epoch 361] valid_bleu=7.79 | N/A
[epoch 362] train_loss=1.6261 step=141542 lr=0.000108173
[epoch 362] valid_bleu=7.65 | N/A
[epoch 363] train_loss=1.6254 step=141933 lr=0.000107264
[epoch 363] valid_bleu=7.96 | N/A
[epoch 364] train_loss=1.6245 step=142324 lr=0.000106359
[epoch 364] valid_bleu=7.69 | N/A
[epoch 365] train_loss=1.6239 step=142715 lr=0.000105459
[epoch 365] valid_bleu=7.95 | N/A
[epoch 366] train_loss=1.6235 step=143106 lr=0.000104563
[epoch 366] valid_bleu=7.79 | N/A
[epoch 367] train_loss=1.6225 step=143497 lr=0.000103673
[epoch 367] valid_bleu=8.09 | N/A
[epoch 368] train_loss=1.6222 step=143888 lr=0.000102787
[epoch 368] valid_bleu=8.19 | N/A
[epoch 369] train_loss=1.6216 step=144279 lr=0.000101907
[epoch 369] valid_bleu=7.77 | N/A
[epoch 370] train_loss=1.6205 step=144670 lr=0.000101031
[epoch 370] valid_bleu=8.05 | N/A
[epoch 371] train_loss=1.6199 step=145061 lr=0.00010016
[epoch 371] valid_bleu=8.07 | N/A
[epoch 372] train_loss=1.6196 step=145452 lr=9.92943e-05
[epoch 372] valid_bleu=8.09 | N/A
[epoch 373] train_loss=1.6185 step=145843 lr=9.84335e-05
[epoch 373] valid_bleu=7.92 | N/A
[epoch 374] train_loss=1.6187 step=146234 lr=9.75778e-05
[epoch 374] valid_bleu=8.33 | N/A
[epoch 375] train_loss=1.6177 step=146625 lr=9.67273e-05
[epoch 375] valid_bleu=8.28 | N/A
[epoch 376] train_loss=1.6168 step=147016 lr=9.58819e-05
[epoch 376] valid_bleu=8.10 | N/A
[epoch 377] train_loss=1.6163 step=147407 lr=9.50417e-05
[epoch 377] valid_bleu=8.05 | N/A
[epoch 378] train_loss=1.6160 step=147798 lr=9.42067e-05
[epoch 378] valid_bleu=7.92 | N/A
[epoch 379] train_loss=1.6156 step=148189 lr=9.3377e-05
[epoch 379] valid_bleu=8.15 | N/A
[epoch 380] train_loss=1.6146 step=148580 lr=9.25525e-05
[epoch 380] valid_bleu=8.31 | N/A
[epoch 381] train_loss=1.6138 step=148971 lr=9.17334e-05
[epoch 381] valid_bleu=8.26 | N/A
[epoch 382] train_loss=1.6134 step=149362 lr=9.09197e-05
[epoch 382] valid_bleu=8.14 | N/A
[epoch 383] train_loss=1.6134 step=149753 lr=9.01113e-05
[epoch 383] valid_bleu=8.40 | N/A
[epoch 384] train_loss=1.6120 step=150144 lr=8.93084e-05
[epoch 384] valid_bleu=8.37 | N/A
[epoch 385] train_loss=1.6119 step=150535 lr=8.85109e-05
[epoch 385] valid_bleu=8.44 | N/A
[epoch 386] train_loss=1.6110 step=150926 lr=8.7719e-05
[epoch 386] valid_bleu=8.24 | N/A
[epoch 387] train_loss=1.6104 step=151317 lr=8.69325e-05
[epoch 387] valid_bleu=8.41 | N/A
[epoch 388] train_loss=1.6100 step=151708 lr=8.61516e-05
[epoch 388] valid_bleu=8.16 | N/A
[epoch 389] train_loss=1.6090 step=152099 lr=8.53764e-05
[epoch 389] valid_bleu=8.54 | N/A
[epoch 390] train_loss=1.6091 step=152490 lr=8.46067e-05
[epoch 390] valid_bleu=8.35 | N/A
[epoch 391] train_loss=1.6082 step=152881 lr=8.38427e-05
[epoch 391] valid_bleu=8.10 | N/A
[epoch 392] train_loss=1.6073 step=153272 lr=8.30844e-05
[epoch 392] valid_bleu=8.01 | N/A
[epoch 393] train_loss=1.6071 step=153663 lr=8.23318e-05
[epoch 393] valid_bleu=8.14 | N/A
[epoch 394] train_loss=1.6065 step=154054 lr=8.1585e-05
[epoch 394] valid_bleu=8.25 | N/A
[epoch 395] train_loss=1.6067 step=154445 lr=8.0844e-05
[epoch 395] valid_bleu=8.10 | N/A
[epoch 396] train_loss=1.6049 step=154836 lr=8.01087e-05
[epoch 396] valid_bleu=8.38 | N/A
[epoch 397] train_loss=1.6045 step=155227 lr=7.93794e-05
[epoch 397] valid_bleu=8.43 | N/A
[epoch 398] train_loss=1.6046 step=155618 lr=7.86559e-05
[epoch 398] valid_bleu=8.49 | N/A
[epoch 399] train_loss=1.6042 step=156009 lr=7.79383e-05
[epoch 399] valid_bleu=8.25 | N/A
[epoch 400] train_loss=1.6034 step=156400 lr=7.72266e-05
[epoch 400] valid_bleu=7.87 | N/A
[epoch 401] train_loss=1.6031 step=156791 lr=7.65209e-05
[epoch 401] valid_bleu=7.87 | N/A
[epoch 402] train_loss=1.6029 step=157182 lr=7.58212e-05
[epoch 402] valid_bleu=8.53 | N/A
[epoch 403] train_loss=1.6020 step=157573 lr=7.51276e-05
[epoch 403] valid_bleu=8.17 | N/A
[epoch 404] train_loss=1.6016 step=157964 lr=7.44399e-05
[epoch 404] valid_bleu=8.25 | N/A
[epoch 405] train_loss=1.6009 step=158355 lr=7.37584e-05
[epoch 405] valid_bleu=8.19 | N/A
[epoch 406] train_loss=1.6008 step=158746 lr=7.3083e-05
[epoch 406] valid_bleu=8.25 | N/A
[epoch 407] train_loss=1.6002 step=159137 lr=7.24137e-05
[epoch 407] valid_bleu=7.85 | N/A
[epoch 408] train_loss=1.5996 step=159528 lr=7.17506e-05
[epoch 408] valid_bleu=8.08 | N/A
[epoch 409] train_loss=1.5991 step=159919 lr=7.10937e-05
[epoch 409] valid_bleu=8.13 | N/A
[epoch 410] train_loss=1.5986 step=160310 lr=7.0443e-05
[epoch 410] valid_bleu=8.04 | N/A
[epoch 411] train_loss=1.5983 step=160701 lr=6.97986e-05
[epoch 411] valid_bleu=8.36 | N/A
[epoch 412] train_loss=1.5980 step=161092 lr=6.91604e-05
[epoch 412] valid_bleu=8.38 | N/A
[epoch 413] train_loss=1.5970 step=161483 lr=6.85286e-05
[epoch 413] valid_bleu=8.07 | N/A
[epoch 414] train_loss=1.5968 step=161874 lr=6.79031e-05
[epoch 414] valid_bleu=8.24 | N/A
[epoch 415] train_loss=1.5964 step=162265 lr=6.72839e-05
[epoch 415] valid_bleu=8.24 | N/A
[epoch 416] train_loss=1.5956 step=162656 lr=6.66711e-05
[epoch 416] valid_bleu=7.89 | N/A
[epoch 417] train_loss=1.5955 step=163047 lr=6.60648e-05
[epoch 417] valid_bleu=7.97 | N/A
[epoch 418] train_loss=1.5947 step=163438 lr=6.54648e-05
[epoch 418] valid_bleu=7.69 | N/A
[epoch 419] train_loss=1.5950 step=163829 lr=6.48713e-05
[epoch 419] valid_bleu=8.14 | N/A
[epoch 420] train_loss=1.5942 step=164220 lr=6.42844e-05
[epoch 420] valid_bleu=8.17 | N/A
[epoch 421] train_loss=1.5934 step=164611 lr=6.37039e-05
[epoch 421] valid_bleu=7.83 | N/A
[epoch 422] train_loss=1.5935 step=165002 lr=6.31299e-05
[epoch 422] valid_bleu=8.19 | N/A
[epoch 423] train_loss=1.5931 step=165393 lr=6.25625e-05
[epoch 423] valid_bleu=8.32 | N/A
[epoch 424] train_loss=1.5926 step=165784 lr=6.20017e-05
[epoch 424] valid_bleu=8.37 | N/A
[epoch 425] train_loss=1.5922 step=166175 lr=6.14475e-05
[epoch 425] valid_bleu=8.30 | N/A
[epoch 426] train_loss=1.5918 step=166566 lr=6.08999e-05
[epoch 426] valid_bleu=8.08 | N/A
[epoch 427] train_loss=1.5916 step=166957 lr=6.0359e-05
[epoch 427] valid_bleu=8.17 | N/A
[epoch 428] train_loss=1.5909 step=167348 lr=5.98247e-05
[epoch 428] valid_bleu=8.22 | N/A
[epoch 429] train_loss=1.5906 step=167739 lr=5.92971e-05
[epoch 429] valid_bleu=7.94 | N/A
[epoch 430] train_loss=1.5900 step=168130 lr=5.87763e-05
[epoch 430] valid_bleu=8.30 | N/A
[epoch 431] train_loss=1.5903 step=168521 lr=5.82622e-05
[epoch 431] valid_bleu=8.27 | N/A
[epoch 432] train_loss=1.5893 step=168912 lr=5.77548e-05
[epoch 432] valid_bleu=8.22 | N/A
[epoch 433] train_loss=1.5891 step=169303 lr=5.72543e-05
[epoch 433] valid_bleu=8.40 | N/A
[epoch 434] train_loss=1.5880 step=169694 lr=5.67605e-05
[epoch 434] valid_bleu=8.12 | N/A
[epoch 435] train_loss=1.5888 step=170085 lr=5.62735e-05
[epoch 435] valid_bleu=7.95 | N/A
[epoch 436] train_loss=1.5878 step=170476 lr=5.57934e-05
[epoch 436] valid_bleu=8.07 | N/A
[epoch 437] train_loss=1.5877 step=170867 lr=5.53202e-05
[epoch 437] valid_bleu=8.23 | N/A
[epoch 438] train_loss=1.5876 step=171258 lr=5.48539e-05
[epoch 438] valid_bleu=8.11 | N/A
[epoch 439] train_loss=1.5873 step=171649 lr=5.43944e-05
[epoch 439] valid_bleu=8.12 | N/A
[epoch 440] train_loss=1.5865 step=172040 lr=5.39419e-05
[epoch 440] valid_bleu=8.45 | N/A
[epoch 441] train_loss=1.5862 step=172431 lr=5.34963e-05
[epoch 441] valid_bleu=8.01 | N/A
[epoch 442] train_loss=1.5861 step=172822 lr=5.30576e-05
[epoch 442] valid_bleu=8.25 | N/A
[epoch 443] train_loss=1.5859 step=173213 lr=5.2626e-05
[epoch 443] valid_bleu=8.31 | N/A
[epoch 444] train_loss=1.5850 step=173604 lr=5.22013e-05
[epoch 444] valid_bleu=7.89 | N/A
[epoch 445] train_loss=1.5853 step=173995 lr=5.17837e-05
[epoch 445] valid_bleu=8.07 | N/A
[epoch 446] train_loss=1.5849 step=174386 lr=5.13731e-05
[epoch 446] valid_bleu=8.11 | N/A
[epoch 447] train_loss=1.5844 step=174777 lr=5.09695e-05
[epoch 447] valid_bleu=7.70 | N/A
[epoch 448] train_loss=1.5841 step=175168 lr=5.0573e-05
[epoch 448] valid_bleu=7.95 | N/A
[epoch 449] train_loss=1.5840 step=175559 lr=5.01836e-05
[epoch 449] valid_bleu=7.80 | N/A
[epoch 450] train_loss=1.5834 step=175950 lr=4.98013e-05
[epoch 450] valid_bleu=7.83 | N/A
[epoch 451] train_loss=1.5832 step=176341 lr=4.94261e-05
[epoch 451] valid_bleu=7.68 | N/A
[epoch 452] train_loss=1.5828 step=176732 lr=4.9058e-05
[epoch 452] valid_bleu=7.93 | N/A
[epoch 453] train_loss=1.5827 step=177123 lr=4.86971e-05
[epoch 453] valid_bleu=8.28 | N/A
[epoch 454] train_loss=1.5825 step=177514 lr=4.83433e-05
[epoch 454] valid_bleu=8.71 | N/A
[epoch 455] train_loss=1.5823 step=177905 lr=4.79967e-05
[epoch 455] valid_bleu=7.97 | N/A
[epoch 456] train_loss=1.5825 step=178296 lr=4.76573e-05
[epoch 456] valid_bleu=8.08 | N/A
[epoch 457] train_loss=1.5812 step=178687 lr=4.73251e-05
[epoch 457] valid_bleu=8.19 | N/A
[epoch 458] train_loss=1.5814 step=179078 lr=4.70001e-05
[epoch 458] valid_bleu=7.87 | N/A
[epoch 459] train_loss=1.5812 step=179469 lr=4.66823e-05
[epoch 459] valid_bleu=7.94 | N/A
[epoch 460] train_loss=1.5810 step=179860 lr=4.63718e-05
[epoch 460] valid_bleu=7.93 | N/A
[epoch 461] train_loss=1.5806 step=180251 lr=4.60686e-05
[epoch 461] valid_bleu=7.76 | N/A
[epoch 462] train_loss=1.5799 step=180642 lr=4.57726e-05
[epoch 462] valid_bleu=7.93 | N/A
[epoch 463] train_loss=1.5801 step=181033 lr=4.54839e-05
[epoch 463] valid_bleu=8.40 | N/A
[epoch 464] train_loss=1.5800 step=181424 lr=4.52025e-05
[epoch 464] valid_bleu=8.44 | N/A
[epoch 465] train_loss=1.5795 step=181815 lr=4.49284e-05
[epoch 465] valid_bleu=8.27 | N/A
[epoch 466] train_loss=1.5794 step=182206 lr=4.46616e-05
[epoch 466] valid_bleu=8.74 | N/A
[epoch 467] train_loss=1.5791 step=182597 lr=4.44021e-05
[epoch 467] valid_bleu=8.22 | N/A
[epoch 468] train_loss=1.5791 step=182988 lr=4.415e-05
[epoch 468] valid_bleu=8.13 | N/A
[epoch 469] train_loss=1.5789 step=183379 lr=4.39052e-05
[epoch 469] valid_bleu=8.27 | N/A
[epoch 470] train_loss=1.5785 step=183770 lr=4.36678e-05
[epoch 470] valid_bleu=8.13 | N/A
[epoch 471] train_loss=1.5784 step=184161 lr=4.34378e-05
[epoch 471] valid_bleu=8.19 | N/A
[epoch 472] train_loss=1.5780 step=184552 lr=4.32151e-05
[epoch 472] valid_bleu=8.11 | N/A
[epoch 473] train_loss=1.5779 step=184943 lr=4.29999e-05
[epoch 473] valid_bleu=7.92 | N/A
[epoch 474] train_loss=1.5779 step=185334 lr=4.2792e-05
[epoch 474] valid_bleu=7.86 | N/A
[epoch 475] train_loss=1.5778 step=185725 lr=4.25915e-05
[epoch 475] valid_bleu=7.85 | N/A
[epoch 476] train_loss=1.5774 step=186116 lr=4.23985e-05
[epoch 476] valid_bleu=7.81 | N/A
[epoch 477] train_loss=1.5775 step=186507 lr=4.22128e-05
[epoch 477] valid_bleu=8.19 | N/A
[epoch 478] train_loss=1.5770 step=186898 lr=4.20346e-05
[epoch 478] valid_bleu=8.32 | N/A
[epoch 479] train_loss=1.5769 step=187289 lr=4.18639e-05
[epoch 479] valid_bleu=8.08 | N/A
[epoch 480] train_loss=1.5765 step=187680 lr=4.17006e-05
[epoch 480] valid_bleu=8.04 | N/A
[epoch 481] train_loss=1.5767 step=188071 lr=4.15447e-05
[epoch 481] valid_bleu=8.36 | N/A
[epoch 482] train_loss=1.5762 step=188462 lr=4.13963e-05
[epoch 482] valid_bleu=8.17 | N/A
[epoch 483] train_loss=1.5762 step=188853 lr=4.12554e-05
[epoch 483] valid_bleu=8.03 | N/A
[epoch 484] train_loss=1.5765 step=189244 lr=4.11219e-05
[epoch 484] valid_bleu=8.46 | N/A
[epoch 485] train_loss=1.5759 step=189635 lr=4.09959e-05
[epoch 485] valid_bleu=8.07 | N/A
[epoch 486] train_loss=1.5752 step=190026 lr=4.08774e-05
[epoch 486] valid_bleu=7.95 | N/A
[epoch 487] train_loss=1.5757 step=190417 lr=4.07664e-05
[epoch 487] valid_bleu=8.10 | N/A
[epoch 488] train_loss=1.5758 step=190808 lr=4.06629e-05
[epoch 488] valid_bleu=8.26 | N/A
[epoch 489] train_loss=1.5751 step=191199 lr=4.05669e-05
[epoch 489] valid_bleu=8.17 | N/A
[epoch 490] train_loss=1.5753 step=191590 lr=4.04783e-05
[epoch 490] valid_bleu=8.05 | N/A
[epoch 491] train_loss=1.5747 step=191981 lr=4.03973e-05
[epoch 491] valid_bleu=8.11 | N/A
[epoch 492] train_loss=1.5753 step=192372 lr=4.03238e-05
[epoch 492] valid_bleu=8.04 | N/A
[epoch 493] train_loss=1.5748 step=192763 lr=4.02578e-05
[epoch 493] valid_bleu=8.06 | N/A
[epoch 494] train_loss=1.5749 step=193154 lr=4.01993e-05
[epoch 494] valid_bleu=8.37 | N/A
[epoch 495] train_loss=1.5748 step=193545 lr=4.01483e-05
[epoch 495] valid_bleu=8.23 | N/A
[epoch 496] train_loss=1.5747 step=193936 lr=4.01048e-05
[epoch 496] valid_bleu=7.99 | N/A
[epoch 497] train_loss=1.5743 step=194327 lr=4.00689e-05
[epoch 497] valid_bleu=7.95 | N/A
[epoch 498] train_loss=1.5744 step=194718 lr=4.00404e-05
[epoch 498] valid_bleu=8.49 | N/A
[epoch 499] train_loss=1.5745 step=195109 lr=4.00195e-05
[epoch 499] valid_bleu=8.83 | N/A
[epoch 500] train_loss=1.5743 step=195500 lr=4.00062e-05
[epoch 500] valid_bleu=8.25 | N/A
